Arguments: 
  C:\Program Files\nodejs\node.exe C:\Users\TEAV LAPPY\AppData\Roaming\npm\node_modules\yarn\bin\yarn.js add react-native-fontawesome

PATH: 
  C:\oraclexe\app\oracle\product\11.2.0\server\bin;C:\Windows\system32;C:\Windows;C:\Windows\System32\Wbem;C:\Windows\System32\WindowsPowerShell\v1.0\;C:\Windows\System32\OpenSSH\;C:\Program Files (x86)\Intel\OpenCL SDK\2.0\bin\x86;C:\Program Files (x86)\Intel\OpenCL SDK\2.0\bin\x64;D:\App\Git\cmd;C:\Program Files\nodejs\;C:\Users\TEAV LAPPY\AppData\Local\Microsoft\WindowsApps;D:\App\Microsoft VS Code\bin;C:\Users\TEAV LAPPY\AppData\Roaming\npm

Yarn version: 
  1.22.15

Node version: 
  14.17.1

Platform: 
  win32 x64

Trace: 
  Error: ENOSPC: no space left on device, copyfile 'C:\Users\TEAV LAPPY\AppData\Local\Yarn\Cache\v6\.tmp\51d8ca501449e1ec6d34a1e97d68f1e9\Libraries\Wrapper\RCTWrapperViewControllerHostingView.m' -> 'C:\Users\TEAV LAPPY\AppData\Local\Yarn\Cache\v6\npm-react-native-0.63.2-1dae4e81714085100888571012f18b6b142b4773\node_modules\react-native\Libraries\Wrapper\RCTWrapperViewControllerHostingView.m'

npm manifest: 
  {
    "main": "node_modules/expo/AppEntry.js",
    "scripts": {
      "start": "expo start",
      "android": "expo start --android",
      "ios": "expo start --ios",
      "web": "expo start --web",
      "eject": "expo eject"
    },
    "dependencies": {
      "expo": "~42.0.1",
      "expo-status-bar": "~1.0.4",
      "react": "16.13.1",
      "react-dom": "16.13.1",
      "react-native": "https://github.com/expo/react-native/archive/sdk-42.0.0.tar.gz",
      "react-native-fontawesome": "^7.0.0",
      "react-native-web": "~0.13.12"
    },
    "devDependencies": {
      "@babel/core": "^7.9.0"
    },
    "private": true
  }

yarn manifest: 
  No manifest

Lockfile: 
  No lockfile
